<?xml version="1.0" encoding="UTF-8" ?>
<testsuite errors="0" failures="0" hostname="Tras-MacBook-Air.local" name="CalculatorTest" skipped="0" tests="9" time="6.7" timestamp="2018-01-09T13:44:17">
  <properties>
[...]
</properties>
  <testcase classname="CalculatorTest" name="invalidInputsIgnoredWhenPlussing" time="2.954" />
  <testcase classname="CalculatorTest" name="inputFieldGoesEmpty" time="0.402" />
  <testcase classname="CalculatorTest" name="plusMinusAndResettingWorks" time="0.677" />
  <testcase classname="CalculatorTest" name="layoutOK" time="0.11" />
  <testcase classname="CalculatorTest" name="testOrder" time="1.001" />
  <testcase classname="CalculatorTest" name="resettingButtonEnabledAndDisabled" time="0.298" />
  <testcase classname="CalculatorTest" name="invalidInputsIgnoredWhenSubstracting" time="0.217" />
  <testcase classname="CalculatorTest" name="sizeAndTitleCorrect" time="0.134" />
  <testcase classname="CalculatorTest" name="testComponentsAreFound" time="0.141" />
  <system-out><![CDATA[]]></system-out>
  <system-err><![CDATA[]]></system-err>
</testsuite>
